<?xml version="1.0" encoding="UTF-8"?>
<!-- Generated by org.testng.reporters.JUnitReportReporter -->
<testsuite hostname="DESKTOP-TNIL84B" failures="0" tests="3" name="runner.TestRunner" time="63.455" errors="0" timestamp="2025-06-28T12:53:04 GMT-04:00" skipped="0">
  <testcase classname="runner.TestRunner" name="runScenario" time="20.986"/>
  <testcase classname="runner.TestRunner" name="runScenario" time="21.483"/>
  <testcase classname="runner.TestRunner" name="runScenario" time="20.986"/>
</testsuite> <!-- runner.TestRunner -->
